# JRE version: OpenJDK Runtime Environment Temurin-21.0.9+10 (21.0.9+10) (build 21.0.9+10-LTS)
# Java VM: OpenJDK 64-Bit Server VM Temurin-21.0.9+10 (21.0.9+10-LTS, mixed mode, sharing, tiered, compressed oops, compressed class ptrs, parallel gc, windows-amd64)
GC Precious Log:
 CardTable entry size: 512
 CPUs: 16 total, 16 available
 Memory: 16016M
 Large Page Support: Disabled
 NUMA Support: Disabled
 Compressed Oops: Enabled (32-bit)
 Alignments: Space 512K, Generation 512K, Heap 2M
 Heap Min Capacity: 100M
 Heap Initial Capacity: 100M
 Heap Max Capacity: 2G
 Pre-touch: Disabled
 Parallel Workers: 13
Heap:
 PSYoungGen      total 5120K, used 4912K [0x00000000d5580000, 0x00000000d5c80000, 0x0000000100000000)
  eden space 4096K, 100% used [0x00000000d5580000,0x00000000d5980000,0x00000000d5980000)
  from space 1024K, 79% used [0x00000000d5b80000,0x00000000d5c4c010,0x00000000d5c80000)
  to   space 1536K, 55% used [0x00000000d5980000,0x00000000d5a56410,0x00000000d5b00000)
 ParOldGen       total 803840K, used 803839K [0x0000000080000000, 0x00000000b1100000, 0x00000000d5580000)
  object space 803840K, 99% used [0x0000000080000000,0x00000000b10ffec0,0x00000000b1100000)
 Metaspace       used 102304K, committed 104512K, reserved 1179648K
  class space    used 10634K, committed 11648K, reserved 1048576K
GC Heap History (20 events):
Event: 566.341 GC heap before
{Heap before GC invocations=5562 (full 6):
 PSYoungGen      total 3584K, used 3218K [0x00000000d5580000, 0x00000000d5a80000, 0x0000000100000000)
  eden space 2560K, 100% used [0x00000000d5580000,0x00000000d5800000,0x00000000d5800000)
  from space 1024K, 64% used [0x00000000d5980000,0x00000000d5a24800,0x00000000d5a80000)
  to   space 1024K, 0% used [0x00000000d5880000,0x00000000d5880000,0x00000000d5980000)
 ParOldGen       total 799232K, used 798738K [0x0000000080000000, 0x00000000b0c80000, 0x00000000d5580000)
  object space 799232K, 99% used [0x0000000080000000,0x00000000b0c04a38,0x00000000b0c80000)
 Metaspace       used 102214K, committed 104448K, reserved 1179648K
  class space    used 10631K, committed 11648K, reserved 1048576K
}
Event: 566.344 GC heap after
{Heap after GC invocations=5562 (full 6):
 PSYoungGen      total 3584K, used 608K [0x00000000d5580000, 0x00000000d5a00000, 0x0000000100000000)
  eden space 2560K, 0% used [0x00000000d5580000,0x00000000d5580000,0x00000000d5800000)
  from space 1024K, 59% used [0x00000000d5880000,0x00000000d5918020,0x00000000d5980000)
  to   space 512K, 0% used [0x00000000d5980000,0x00000000d5980000,0x00000000d5a00000)
 ParOldGen       total 799232K, used 799112K [0x0000000080000000, 0x00000000b0c80000, 0x00000000d5580000)
  object space 799232K, 99% used [0x0000000080000000,0x00000000b0c621e0,0x00000000b0c80000)
 Metaspace       used 102214K, committed 104448K, reserved 1179648K
  class space    used 10631K, committed 11648K, reserved 1048576K
}
Event: 566.367 GC heap before
{Heap before GC invocations=5563 (full 6):
 PSYoungGen      total 3584K, used 3168K [0x00000000d5580000, 0x00000000d5a00000, 0x0000000100000000)
  eden space 2560K, 100% used [0x00000000d5580000,0x00000000d5800000,0x00000000d5800000)
  from space 1024K, 59% used [0x00000000d5880000,0x00000000d5918020,0x00000000d5980000)
  to   space 512K, 0% used [0x00000000d5980000,0x00000000d5980000,0x00000000d5a00000)
 ParOldGen       total 799744K, used 799454K [0x0000000080000000, 0x00000000b0d00000, 0x00000000d5580000)
  object space 799744K, 99% used [0x0000000080000000,0x00000000b0cb7b78,0x00000000b0d00000)
 Metaspace       used 102214K, committed 104448K, reserved 1179648K
  class space    used 10631K, committed 11648K, reserved 1048576K
}
Event: 566.370 GC heap after
{Heap after GC invocations=5563 (full 6):
 PSYoungGen      total 3072K, used 448K [0x00000000d5580000, 0x00000000d5a00000, 0x0000000100000000)
  eden space 2560K, 0% used [0x00000000d5580000,0x00000000d5580000,0x00000000d5800000)
  from space 512K, 87% used [0x00000000d5980000,0x00000000d59f0000,0x00000000d5a00000)
  to   space 512K, 0% used [0x00000000d5900000,0x00000000d5900000,0x00000000d5980000)
 ParOldGen       total 800256K, used 799846K [0x0000000080000000, 0x00000000b0d80000, 0x00000000d5580000)
  object space 800256K, 99% used [0x0000000080000000,0x00000000b0d19b98,0x00000000b0d80000)
 Metaspace       used 102214K, committed 104448K, reserved 1179648K
  class space    used 10631K, committed 11648K, reserved 1048576K
}
Event: 566.465 GC heap before
{Heap before GC invocations=5564 (full 6):
 PSYoungGen      total 3072K, used 3008K [0x00000000d5580000, 0x00000000d5a00000, 0x0000000100000000)
  eden space 2560K, 100% used [0x00000000d5580000,0x00000000d5800000,0x00000000d5800000)
  from space 512K, 87% used [0x00000000d5980000,0x00000000d59f0000,0x00000000d5a00000)
  to   space 512K, 0% used [0x00000000d5900000,0x00000000d5900000,0x00000000d5980000)
 ParOldGen       total 800256K, used 799849K [0x0000000080000000, 0x00000000b0d80000, 0x00000000d5580000)
  object space 800256K, 99% used [0x0000000080000000,0x00000000b0d1a6e8,0x00000000b0d80000)
 Metaspace       used 102214K, committed 104448K, reserved 1179648K
  class space    used 10631K, committed 11648K, reserved 1048576K
}
Event: 566.468 GC heap after
{Heap after GC invocations=5564 (full 6):
 PSYoungGen      total 3072K, used 489K [0x00000000d5580000, 0x00000000d5a00000, 0x0000000100000000)
  eden space 2560K, 0% used [0x00000000d5580000,0x00000000d5580000,0x00000000d5800000)
  from space 512K, 95% used [0x00000000d5900000,0x00000000d597a410,0x00000000d5980000)
  to   space 512K, 0% used [0x00000000d5980000,0x00000000d5980000,0x00000000d5a00000)
 ParOldGen       total 800768K, used 800289K [0x0000000080000000, 0x00000000b0e00000, 0x00000000d5580000)
  object space 800768K, 99% used [0x0000000080000000,0x00000000b0d885b8,0x00000000b0e00000)
 Metaspace       used 102214K, committed 104448K, reserved 1179648K
  class space    used 10631K, committed 11648K, reserved 1048576K
}
Event: 566.476 GC heap before
{Heap before GC invocations=5565 (full 6):
 PSYoungGen      total 3072K, used 3049K [0x00000000d5580000, 0x00000000d5a00000, 0x0000000100000000)
  eden space 2560K, 99% used [0x00000000d5580000,0x00000000d57ffff8,0x00000000d5800000)
  from space 512K, 95% used [0x00000000d5900000,0x00000000d597a410,0x00000000d5980000)
  to   space 512K, 0% used [0x00000000d5980000,0x00000000d5980000,0x00000000d5a00000)
 ParOldGen       total 800768K, used 800289K [0x0000000080000000, 0x00000000b0e00000, 0x00000000d5580000)
  object space 800768K, 99% used [0x0000000080000000,0x00000000b0d885b8,0x00000000b0e00000)
 Metaspace       used 102214K, committed 104448K, reserved 1179648K
  class space    used 10631K, committed 11648K, reserved 1048576K
}
Event: 566.479 GC heap after
{Heap after GC invocations=5565 (full 6):
 PSYoungGen      total 3072K, used 448K [0x00000000d5580000, 0x00000000d5a00000, 0x0000000100000000)
  eden space 2560K, 0% used [0x00000000d5580000,0x00000000d5580000,0x00000000d5800000)
  from space 512K, 87% used [0x00000000d5980000,0x00000000d59f0000,0x00000000d5a00000)
  to   space 1024K, 0% used [0x00000000d5800000,0x00000000d5800000,0x00000000d5900000)
 ParOldGen       total 801280K, used 800779K [0x0000000080000000, 0x00000000b0e80000, 0x00000000d5580000)
  object space 801280K, 99% used [0x0000000080000000,0x00000000b0e02dd8,0x00000000b0e80000)
 Metaspace       used 102214K, committed 104448K, reserved 1179648K
  class space    used 10631K, committed 11648K, reserved 1048576K
}
Event: 566.484 GC heap before
{Heap before GC invocations=5566 (full 6):
 PSYoungGen      total 3072K, used 3008K [0x00000000d5580000, 0x00000000d5a00000, 0x0000000100000000)
  eden space 2560K, 100% used [0x00000000d5580000,0x00000000d5800000,0x00000000d5800000)
  from space 512K, 87% used [0x00000000d5980000,0x00000000d59f0000,0x00000000d5a00000)
  to   space 1024K, 0% used [0x00000000d5800000,0x00000000d5800000,0x00000000d5900000)
 ParOldGen       total 801280K, used 800779K [0x0000000080000000, 0x00000000b0e80000, 0x00000000d5580000)
  object space 801280K, 99% used [0x0000000080000000,0x00000000b0e02dd8,0x00000000b0e80000)
 Metaspace       used 102214K, committed 104448K, reserved 1179648K
  class space    used 10631K, committed 11648K, reserved 1048576K
}
Event: 566.486 GC heap after
{Heap after GC invocations=5566 (full 6):
 PSYoungGen      total 3584K, used 538K [0x00000000d5580000, 0x00000000d5a00000, 0x0000000100000000)
  eden space 2560K, 0% used [0x00000000d5580000,0x00000000d5580000,0x00000000d5800000)
  from space 1024K, 52% used [0x00000000d5800000,0x00000000d5886bc8,0x00000000d5900000)
  to   space 1024K, 0% used [0x00000000d5900000,0x00000000d5900000,0x00000000d5a00000)
 ParOldGen       total 801280K, used 801015K [0x0000000080000000, 0x00000000b0e80000, 0x00000000d5580000)
  object space 801280K, 99% used [0x0000000080000000,0x00000000b0e3dde8,0x00000000b0e80000)
 Metaspace       used 102214K, committed 104448K, reserved 1179648K
  class space    used 10631K, committed 11648K, reserved 1048576K
}
Event: 566.499 GC heap before
{Heap before GC invocations=5567 (full 6):
 PSYoungGen      total 3584K, used 3098K [0x00000000d5580000, 0x00000000d5a00000, 0x0000000100000000)
  eden space 2560K, 100% used [0x00000000d5580000,0x00000000d5800000,0x00000000d5800000)
  from space 1024K, 52% used [0x00000000d5800000,0x00000000d5886bc8,0x00000000d5900000)
  to   space 1024K, 0% used [0x00000000d5900000,0x00000000d5900000,0x00000000d5a00000)
 ParOldGen       total 801280K, used 801015K [0x0000000080000000, 0x00000000b0e80000, 0x00000000d5580000)
  object space 801280K, 99% used [0x0000000080000000,0x00000000b0e3dde8,0x00000000b0e80000)
 Metaspace       used 102215K, committed 104448K, reserved 1179648K
  class space    used 10631K, committed 11648K, reserved 1048576K
}
Event: 566.501 GC heap after
{Heap after GC invocations=5567 (full 6):
 PSYoungGen      total 3584K, used 771K [0x00000000d5580000, 0x00000000d5a00000, 0x0000000100000000)
  eden space 2560K, 0% used [0x00000000d5580000,0x00000000d5580000,0x00000000d5800000)
  from space 1024K, 75% used [0x00000000d5900000,0x00000000d59c0d70,0x00000000d5a00000)
  to   space 1024K, 0% used [0x00000000d5800000,0x00000000d5800000,0x00000000d5900000)
 ParOldGen       total 801280K, used 801268K [0x0000000080000000, 0x00000000b0e80000, 0x00000000d5580000)
  object space 801280K, 99% used [0x0000000080000000,0x00000000b0e7d3b0,0x00000000b0e80000)
 Metaspace       used 102215K, committed 104448K, reserved 1179648K
  class space    used 10631K, committed 11648K, reserved 1048576K
}
Event: 566.503 GC heap before
{Heap before GC invocations=5568 (full 6):
 PSYoungGen      total 3584K, used 3331K [0x00000000d5580000, 0x00000000d5a00000, 0x0000000100000000)
  eden space 2560K, 100% used [0x00000000d5580000,0x00000000d5800000,0x00000000d5800000)
  from space 1024K, 75% used [0x00000000d5900000,0x00000000d59c0d70,0x00000000d5a00000)
  to   space 1024K, 0% used [0x00000000d5800000,0x00000000d5800000,0x00000000d5900000)
 ParOldGen       total 801280K, used 801268K [0x0000000080000000, 0x00000000b0e80000, 0x00000000d5580000)
  object space 801280K, 99% used [0x0000000080000000,0x00000000b0e7d3b0,0x00000000b0e80000)
 Metaspace       used 102215K, committed 104448K, reserved 1179648K
  class space    used 10631K, committed 11648K, reserved 1048576K
}
Event: 566.505 GC heap after
{Heap after GC invocations=5568 (full 6):
 PSYoungGen      total 3584K, used 352K [0x00000000d5580000, 0x00000000d5980000, 0x0000000100000000)
  eden space 2560K, 0% used [0x00000000d5580000,0x00000000d5580000,0x00000000d5800000)
  from space 1024K, 34% used [0x00000000d5800000,0x00000000d5858000,0x00000000d5900000)
  to   space 512K, 0% used [0x00000000d5900000,0x00000000d5900000,0x00000000d5980000)
 ParOldGen       total 801792K, used 801754K [0x0000000080000000, 0x00000000b0f00000, 0x00000000d5580000)
  object space 801792K, 99% used [0x0000000080000000,0x00000000b0ef6940,0x00000000b0f00000)
 Metaspace       used 102215K, committed 104448K, reserved 1179648K
  class space    used 10631K, committed 11648K, reserved 1048576K
}
Event: 566.508 GC heap before
{Heap before GC invocations=5569 (full 6):
 PSYoungGen      total 3584K, used 2912K [0x00000000d5580000, 0x00000000d5980000, 0x0000000100000000)
  eden space 2560K, 100% used [0x00000000d5580000,0x00000000d5800000,0x00000000d5800000)
  from space 1024K, 34% used [0x00000000d5800000,0x00000000d5858000,0x00000000d5900000)
  to   space 512K, 0% used [0x00000000d5900000,0x00000000d5900000,0x00000000d5980000)
 ParOldGen       total 801792K, used 801754K [0x0000000080000000, 0x00000000b0f00000, 0x00000000d5580000)
  object space 801792K, 99% used [0x0000000080000000,0x00000000b0ef69b8,0x00000000b0f00000)
 Metaspace       used 102215K, committed 104448K, reserved 1179648K
  class space    used 10631K, committed 11648K, reserved 1048576K
}
Event: 566.511 GC heap after
{Heap after GC invocations=5569 (full 6):
 PSYoungGen      total 3584K, used 352K [0x00000000d5580000, 0x00000000d5980000, 0x0000000100000000)
  eden space 3072K, 0% used [0x00000000d5580000,0x00000000d5580000,0x00000000d5880000)
  from space 512K, 68% used [0x00000000d5900000,0x00000000d5958000,0x00000000d5980000)
  to   space 512K, 0% used [0x00000000d5880000,0x00000000d5880000,0x00000000d5900000)
 ParOldGen       total 802304K, used 801874K [0x0000000080000000, 0x00000000b0f80000, 0x00000000d5580000)
  object space 802304K, 99% used [0x0000000080000000,0x00000000b0f149c8,0x00000000b0f80000)
 Metaspace       used 102215K, committed 104448K, reserved 1179648K
  class space    used 10631K, committed 11648K, reserved 1048576K
}
Event: 566.567 GC heap before
{Heap before GC invocations=5570 (full 6):
 PSYoungGen      total 3584K, used 3424K [0x00000000d5580000, 0x00000000d5980000, 0x0000000100000000)
  eden space 3072K, 100% used [0x00000000d5580000,0x00000000d5880000,0x00000000d5880000)
  from space 512K, 68% used [0x00000000d5900000,0x00000000d5958000,0x00000000d5980000)
  to   space 512K, 0% used [0x00000000d5880000,0x00000000d5880000,0x00000000d5900000)
 ParOldGen       total 802304K, used 801876K [0x0000000080000000, 0x00000000b0f80000, 0x00000000d5580000)
  object space 802304K, 99% used [0x0000000080000000,0x00000000b0f151d8,0x00000000b0f80000)
 Metaspace       used 102215K, committed 104448K, reserved 1179648K
  class space    used 10631K, committed 11648K, reserved 1048576K
}
Event: 566.570 GC heap after
{Heap after GC invocations=5570 (full 6):
 PSYoungGen      total 3584K, used 512K [0x00000000d5580000, 0x00000000d5d80000, 0x0000000100000000)
  eden space 3072K, 0% used [0x00000000d5580000,0x00000000d5580000,0x00000000d5880000)
  from space 512K, 100% used [0x00000000d5880000,0x00000000d5900000,0x00000000d5900000)
  to   space 2048K, 0% used [0x00000000d5b80000,0x00000000d5b80000,0x00000000d5d80000)
 ParOldGen       total 803328K, used 802907K [0x0000000080000000, 0x00000000b1080000, 0x00000000d5580000)
  object space 803328K, 99% used [0x0000000080000000,0x00000000b1016f08,0x00000000b1080000)
 Metaspace       used 102215K, committed 104448K, reserved 1179648K
  class space    used 10631K, committed 11648K, reserved 1048576K
}
Event: 566.606 GC heap before
{Heap before GC invocations=5571 (full 6):
 PSYoungGen      total 3584K, used 3584K [0x00000000d5580000, 0x00000000d5d80000, 0x0000000100000000)
  eden space 3072K, 100% used [0x00000000d5580000,0x00000000d5880000,0x00000000d5880000)
  from space 512K, 100% used [0x00000000d5880000,0x00000000d5900000,0x00000000d5900000)
  to   space 2048K, 0% used [0x00000000d5b80000,0x00000000d5b80000,0x00000000d5d80000)
 ParOldGen       total 803328K, used 802907K [0x0000000080000000, 0x00000000b1080000, 0x00000000d5580000)
  object space 803328K, 99% used [0x0000000080000000,0x00000000b1016f98,0x00000000b1080000)
 Metaspace       used 102215K, committed 104448K, reserved 1179648K
  class space    used 10631K, committed 11648K, reserved 1048576K
}
Event: 566.609 GC heap after
{Heap after GC invocations=5571 (full 6):
 PSYoungGen      total 5120K, used 816K [0x00000000d5580000, 0x00000000d5c80000, 0x0000000100000000)
  eden space 4096K, 0% used [0x00000000d5580000,0x00000000d5580000,0x00000000d5980000)
  from space 1024K, 79% used [0x00000000d5b80000,0x00000000d5c4c010,0x00000000d5c80000)
  to   space 1536K, 0% used [0x00000000d5980000,0x00000000d5980000,0x00000000d5b00000)
 ParOldGen       total 803840K, used 803484K [0x0000000080000000, 0x00000000b1100000, 0x00000000d5580000)
  object space 803840K, 99% used [0x0000000080000000,0x00000000b10a7330,0x00000000b1100000)
 Metaspace       used 102215K, committed 104448K, reserved 1179648K
  class space    used 10631K, committed 11648K, reserved 1048576K
}

