# JRE version: Java(TM) SE Runtime Environment (21.0.7+8) (build 21.0.7+8-LTS-245)
# Java VM: Java HotSpot(TM) 64-Bit Server VM (21.0.7+8-LTS-245, mixed mode, sharing, tiered, compressed oops, compressed class ptrs, g1 gc, windows-amd64)
GC Precious Log:
 CardTable entry size: 512
 Card Set container configuration: InlinePtr #cards 4 size 8 Array Of Cards #cards 16 size 48 Howl #buckets 8 coarsen threshold 3686 Howl Bitmap #cards 512 size 80 coarsen threshold 460 Card regions per heap region 1 cards per card region 4096
 CPUs: 16 total, 16 available
 Memory: 16016M
 Large Page Support: Disabled
 NUMA Support: Disabled
 Compressed Oops: Enabled (Zero based)
 Heap Region Size: 2M
 Heap Min Capacity: 8M
 Heap Initial Capacity: 252M
 Heap Max Capacity: 4006M
 Pre-touch: Disabled
 Parallel Workers: 13
 Concurrent Workers: 3
 Concurrent Refinement Workers: 13
 Periodic GC: Disabled
Heap:
 garbage-first heap   total 100352K, used 67346K [0x0000000705a00000, 0x0000000800000000)
  region size 2048K, 9 young (18432K), 3 survivors (6144K)
 Metaspace       used 84189K, committed 85056K, reserved 1179648K
  class space    used 10665K, committed 11072K, reserved 1048576K
GC Heap History (20 events):
Event: 26.359 GC heap before
{Heap before GC invocations=11 (full 0):
 garbage-first heap   total 100352K, used 81920K [0x0000000705a00000, 0x0000000800000000)
  region size 2048K, 29 young (59392K), 2 survivors (4096K)
 Metaspace       used 41363K, committed 41920K, reserved 1114112K
  class space    used 5144K, committed 5376K, reserved 1048576K
}
Event: 26.373 GC heap after
{Heap after GC invocations=12 (full 0):
 garbage-first heap   total 100352K, used 30275K [0x0000000705a00000, 0x0000000800000000)
  region size 2048K, 3 young (6144K), 3 survivors (6144K)
 Metaspace       used 41363K, committed 41920K, reserved 1114112K
  class space    used 5144K, committed 5376K, reserved 1048576K
}
Event: 30.071 GC heap before
{Heap before GC invocations=12 (full 0):
 garbage-first heap   total 100352K, used 83523K [0x0000000705a00000, 0x0000000800000000)
  region size 2048K, 29 young (59392K), 3 survivors (6144K)
 Metaspace       used 48174K, committed 48832K, reserved 1114112K
  class space    used 6033K, committed 6336K, reserved 1048576K
}
Event: 30.092 GC heap after
{Heap after GC invocations=13 (full 0):
 garbage-first heap   total 100352K, used 32190K [0x0000000705a00000, 0x0000000800000000)
  region size 2048K, 3 young (6144K), 3 survivors (6144K)
 Metaspace       used 48174K, committed 48832K, reserved 1114112K
  class space    used 6033K, committed 6336K, reserved 1048576K
}
Event: 33.556 GC heap before
{Heap before GC invocations=13 (full 0):
 garbage-first heap   total 100352K, used 83390K [0x0000000705a00000, 0x0000000800000000)
  region size 2048K, 29 young (59392K), 3 survivors (6144K)
 Metaspace       used 52688K, committed 53312K, reserved 1114112K
  class space    used 6519K, committed 6784K, reserved 1048576K
}
Event: 33.578 GC heap after
{Heap after GC invocations=14 (full 0):
 garbage-first heap   total 100352K, used 37687K [0x0000000705a00000, 0x0000000800000000)
  region size 2048K, 4 young (8192K), 4 survivors (8192K)
 Metaspace       used 52688K, committed 53312K, reserved 1114112K
  class space    used 6519K, committed 6784K, reserved 1048576K
}
Event: 39.894 GC heap before
{Heap before GC invocations=14 (full 0):
 garbage-first heap   total 100352K, used 84791K [0x0000000705a00000, 0x0000000800000000)
  region size 2048K, 27 young (55296K), 4 survivors (8192K)
 Metaspace       used 55150K, committed 55808K, reserved 1114112K
  class space    used 6821K, committed 7104K, reserved 1048576K
}
Event: 39.899 GC heap after
{Heap after GC invocations=15 (full 0):
 garbage-first heap   total 100352K, used 40234K [0x0000000705a00000, 0x0000000800000000)
  region size 2048K, 2 young (4096K), 2 survivors (4096K)
 Metaspace       used 55150K, committed 55808K, reserved 1114112K
  class space    used 6821K, committed 7104K, reserved 1048576K
}
Event: 47.922 GC heap before
{Heap before GC invocations=15 (full 0):
 garbage-first heap   total 100352K, used 85290K [0x0000000705a00000, 0x0000000800000000)
  region size 2048K, 24 young (49152K), 2 survivors (4096K)
 Metaspace       used 59103K, committed 59776K, reserved 1114112K
  class space    used 7304K, committed 7616K, reserved 1048576K
}
Event: 47.926 GC heap after
{Heap after GC invocations=16 (full 0):
 garbage-first heap   total 100352K, used 43161K [0x0000000705a00000, 0x0000000800000000)
  region size 2048K, 3 young (6144K), 3 survivors (6144K)
 Metaspace       used 59103K, committed 59776K, reserved 1114112K
  class space    used 7304K, committed 7616K, reserved 1048576K
}
Event: 51.177 GC heap before
{Heap before GC invocations=16 (full 0):
 garbage-first heap   total 100352K, used 59545K [0x0000000705a00000, 0x0000000800000000)
  region size 2048K, 12 young (24576K), 3 survivors (6144K)
 Metaspace       used 61214K, committed 61888K, reserved 1114112K
  class space    used 7631K, committed 7936K, reserved 1048576K
}
Event: 51.181 GC heap after
{Heap after GC invocations=17 (full 0):
 garbage-first heap   total 100352K, used 44990K [0x0000000705a00000, 0x0000000800000000)
  region size 2048K, 2 young (4096K), 2 survivors (4096K)
 Metaspace       used 61214K, committed 61888K, reserved 1114112K
  class space    used 7631K, committed 7936K, reserved 1048576K
}
Event: 62.725 GC heap before
{Heap before GC invocations=18 (full 0):
 garbage-first heap   total 100352K, used 87998K [0x0000000705a00000, 0x0000000800000000)
  region size 2048K, 23 young (47104K), 2 survivors (4096K)
 Metaspace       used 66941K, committed 67712K, reserved 1114112K
  class space    used 8544K, committed 8896K, reserved 1048576K
}
Event: 62.733 GC heap after
{Heap after GC invocations=19 (full 0):
 garbage-first heap   total 100352K, used 48268K [0x0000000705a00000, 0x0000000800000000)
  region size 2048K, 3 young (6144K), 3 survivors (6144K)
 Metaspace       used 66941K, committed 67712K, reserved 1114112K
  class space    used 8544K, committed 8896K, reserved 1048576K
}
Event: 67.590 GC heap before
{Heap before GC invocations=19 (full 0):
 garbage-first heap   total 100352K, used 85132K [0x0000000705a00000, 0x0000000800000000)
  region size 2048K, 22 young (45056K), 3 survivors (6144K)
 Metaspace       used 75042K, committed 75840K, reserved 1179648K
  class space    used 9586K, committed 9920K, reserved 1048576K
}
Event: 67.601 GC heap after
{Heap after GC invocations=20 (full 0):
 garbage-first heap   total 100352K, used 51998K [0x0000000705a00000, 0x0000000800000000)
  region size 2048K, 3 young (6144K), 3 survivors (6144K)
 Metaspace       used 75042K, committed 75840K, reserved 1179648K
  class space    used 9586K, committed 9920K, reserved 1048576K
}
Event: 306.728 GC heap before
{Heap before GC invocations=20 (full 0):
 garbage-first heap   total 100352K, used 86814K [0x0000000705a00000, 0x0000000800000000)
  region size 2048K, 20 young (40960K), 3 survivors (6144K)
 Metaspace       used 81654K, committed 82496K, reserved 1179648K
  class space    used 10392K, committed 10752K, reserved 1048576K
}
Event: 306.759 GC heap after
{Heap after GC invocations=21 (full 0):
 garbage-first heap   total 100352K, used 54834K [0x0000000705a00000, 0x0000000800000000)
  region size 2048K, 2 young (4096K), 2 survivors (4096K)
 Metaspace       used 81654K, committed 82496K, reserved 1179648K
  class space    used 10392K, committed 10752K, reserved 1048576K
}
Event: 1117.511 GC heap before
{Heap before GC invocations=22 (full 0):
 garbage-first heap   total 100352K, used 87602K [0x0000000705a00000, 0x0000000800000000)
  region size 2048K, 18 young (36864K), 2 survivors (4096K)
 Metaspace       used 83872K, committed 84672K, reserved 1179648K
  class space    used 10657K, committed 11008K, reserved 1048576K
}
Event: 1117.567 GC heap after
{Heap after GC invocations=23 (full 0):
 garbage-first heap   total 100352K, used 57106K [0x0000000705a00000, 0x0000000800000000)
  region size 2048K, 3 young (6144K), 3 survivors (6144K)
 Metaspace       used 83872K, committed 84672K, reserved 1179648K
  class space    used 10657K, committed 11008K, reserved 1048576K
}

